[1A[2K[2m[WebServer] [22m [33m[1mâš [22m[39m Port 3000 is in use, trying 3001 instead.


Running 8 tests using 8 workers

[1A[2K[1/8] [chromium] â€º tests/e2e/quote.spec.ts:13:9 â€º Quote Validation â€º Quote Creation Validation
[1A[2K[2/8] [chromium] â€º tests/e2e/quote.spec.ts:69:9 â€º Quote Validation â€º Quote Status Transitions
[1A[2K[3/8] [chromium] â€º tests/e2e/quote.spec.ts:77:9 â€º Quote Validation â€º Quote to Order Conversion
[1A[2K[4/8] [chromium] â€º tests/e2e/quote.spec.ts:111:9 â€º Quote Validation â€º Quote Conversion Validation Rules
[1A[2K[5/8] [chromium] â€º tests/e2e/quote.spec.ts:188:9 â€º Quote Validation â€º Quote Access Permissions
[1A[2K[6/8] [chromium] â€º tests/e2e/quote.spec.ts:162:9 â€º Quote Validation â€º Quote Tax Calculation
[1A[2K[7/8] [chromium] â€º tests/e2e/quote.spec.ts:48:9 â€º Quote Validation â€º Quote Total Calculation Validation
[1A[2K[8/8] [chromium] â€º tests/e2e/quote.spec.ts:140:9 â€º Quote Validation â€º Quote Validity Period
[1A[2K[2m[WebServer] [22m[next-auth][warn][DEBUG_ENABLED] 
[2m[WebServer] [22mhttps://next-auth.js.org/warnings#debug_enabled

[1A[2K[2m[WebServer] [22m[next-auth][warn][DEBUG_ENABLED] 
[2m[WebServer] [22mhttps://next-auth.js.org/warnings#debug_enabled

[1A[2K[2m[WebServer] [22mError: Cannot find module '/home/monty/timbaos/.next/server/vendor-chunks/lib/worker.js'
[2m[WebServer] [22m[90m    at Module._resolveFilename (node:internal/modules/cjs/loader:1207:15)[39m
[2m[WebServer] [22m[90m    at Module._load (node:internal/modules/cjs/loader:1038:27)[39m
[2m[WebServer] [22m[90m    at Function.executeUserEntryPoint [as runMain] (node:internal/modules/run_main:164:12)[39m
[2m[WebServer] [22m[90m    at MessagePort.<anonymous> (node:internal/main/worker_thread:192:26)[39m
[2m[WebServer] [22m[90m    at [nodejs.internal.kHybridDispatch] (node:internal/event_target:831:20)[39m
[2m[WebServer] [22m[90m    at MessagePort.<anonymous> (node:internal/per_context/messageport:23:28)[39m {
[2m[WebServer] [22m  code: [32m'MODULE_NOT_FOUND'[39m,
[2m[WebServer] [22m  requireStack: []
[2m[WebServer] [22m}

[1A[2K[2m[WebServer] [22m [31m[1mâ¨¯[22m[39m uncaughtException: Error: Cannot find module '/home/monty/timbaos/.next/server/vendor-chunks/lib/worker.js'
[2m[WebServer] [22m[90m    at Module._resolveFilename (node:internal/modules/cjs/loader:1207:15)[39m
[2m[WebServer] [22m[90m    at Module._load (node:internal/modules/cjs/loader:1038:27)[39m
[2m[WebServer] [22m[90m    at Function.executeUserEntryPoint [as runMain] (node:internal/modules/run_main:164:12)[39m
[2m[WebServer] [22m[90m    at MessagePort.<anonymous> (node:internal/main/worker_thread:192:26)[39m
[2m[WebServer] [22m[90m    at [nodejs.internal.kHybridDispatch] (node:internal/event_target:831:20)[39m
[2m[WebServer] [22m[90m    at MessagePort.<anonymous> (node:internal/per_context/messageport:23:28)[39m {
[2m[WebServer] [22m  code: [32m'MODULE_NOT_FOUND'[39m,
[2m[WebServer] [22m  requireStack: []
[2m[WebServer] [22m}

[1A[2K[2m[WebServer] [22m [31m[1mâ¨¯[22m[39m uncaughtException: Error: Cannot find module '/home/monty/timbaos/.next/server/vendor-chunks/lib/worker.js'
[2m[WebServer] [22m[90m    at Module._resolveFilename (node:internal/modules/cjs/loader:1207:15)[39m
[2m[WebServer] [22m[90m    at Module._load (node:internal/modules/cjs/loader:1038:27)[39m
[2m[WebServer] [22m[90m    at Function.executeUserEntryPoint [as runMain] (node:internal/modules/run_main:164:12)[39m
[2m[WebServer] [22m[90m    at MessagePort.<anonymous> (node:internal/main/worker_thread:192:26)[39m
[2m[WebServer] [22m[90m    at [nodejs.internal.kHybridDispatch] (node:internal/event_target:831:20)[39m
[2m[WebServer] [22m[90m    at MessagePort.<anonymous> (node:internal/per_context/messageport:23:28)[39m {
[2m[WebServer] [22m  code: [32m'MODULE_NOT_FOUND'[39m,
[2m[WebServer] [22m  requireStack: []
[2m[WebServer] [22m}

[1A[2K[2m[WebServer] [22mError: the worker thread exited
[2m[WebServer] [22m    at Worker.onWorkerExit (webpack-internal:///(rsc)/./node_modules/[4mthread-stream[24m/index.js:201:32)
[2m[WebServer] [22m[90m    at Worker.emit (node:events:524:28)[39m
[2m[WebServer] [22m[90m    at [kOnExit] (node:internal/worker:322:10)[39m
[2m[WebServer] [22m[90m    at Worker.<computed>.onexit (node:internal/worker:230:20)[39m
[2m[WebServer] [22m[90m    at Worker.callbackTrampoline (node:internal/async_hooks:130:17)[39m

[1A[2K[2m[WebServer] [22m [31m[1mâ¨¯[22m[39m uncaughtException: Error: the worker thread exited
[2m[WebServer] [22m    at Worker.onWorkerExit (webpack-internal:///(rsc)/./node_modules/[4mthread-stream[24m/index.js:201:32)
[2m[WebServer] [22m[90m    at Worker.emit (node:events:524:28)[39m
[2m[WebServer] [22m[90m    at [kOnExit] (node:internal/worker:322:10)[39m
[2m[WebServer] [22m[90m    at Worker.<computed>.onexit (node:internal/worker:230:20)[39m
[2m[WebServer] [22m[90m    at Worker.callbackTrampoline (node:internal/async_hooks:130:17)[39m

[1A[2K[2m[WebServer] [22m [31m[1mâ¨¯[22m[39m uncaughtException: Error: the worker thread exited
[2m[WebServer] [22m    at Worker.onWorkerExit (webpack-internal:///(rsc)/./node_modules/[4mthread-stream[24m/index.js:201:32)
[2m[WebServer] [22m[90m    at Worker.emit (node:events:524:28)[39m
[2m[WebServer] [22m[90m    at [kOnExit] (node:internal/worker:322:10)[39m
[2m[WebServer] [22m[90m    at Worker.<computed>.onexit (node:internal/worker:230:20)[39m
[2m[WebServer] [22m[90m    at Worker.callbackTrampoline (node:internal/async_hooks:130:17)[39m

[1A[2K[chromium] â€º tests/e2e/quote.spec.ts:77:9 â€º Quote Validation â€º Quote to Order Conversion
Quote ID: da0b4bcd-3b2d-4217-a9db-ca25d43c677c, Total: 25.95

[1A[2KOrder ID: 1ebb1cc1-85df-4383-928d-7d803dccefc5, Total: 1812.92

[1A[2K  1) [chromium] â€º tests/e2e/quote.spec.ts:77:9 â€º Quote Validation â€º Quote to Order Conversion â”€â”€â”€â”€â”€â”€

    Error: [2mexpect([22m[31mreceived[39m[2m).[22mtoBe[2m([22m[32mexpected[39m[2m) // Object.is equality[22m

    Expected: [32m25.95[39m
    Received: [31m1812.92[39m

      102 |         console.log(`Order ID: ${order?.id}, Total: ${order?.totalAmount}`);
      103 |
    > 104 |         expect(Number(order?.totalAmount)).toBe(Number(quote.totalAmount));
          |                                            ^
      105 |
      106 |         const updatedQuote = await prisma.quote.findUnique({ where: { id: quote.id } });
      107 |         expect(updatedQuote?.status).toBe('ACCEPTED');
        at /home/monty/timbaos/tests/e2e/quote.spec.ts:104:44


[1A[2K[2m[WebServer] [22m
[2m[WebServer] [22mnode:internal/event_target:1105
[2m[WebServer] [22m  process.nextTick(() => { throw err; });
[2m[WebServer] [22m                           ^
[2m[WebServer] [22mError: Cannot find module '/home/monty/timbaos/.next/server/vendor-chunks/lib/worker.js'
[2m[WebServer] [22m[90m    at Module._resolveFilename (node:internal/modules/cjs/loader:1207:15)[39m
[2m[WebServer] [22m[90m    at Module._load (node:internal/modules/cjs/loader:1038:27)[39m
[2m[WebServer] [22m[90m    at Function.executeUserEntryPoint [as runMain] (node:internal/modules/run_main:164:12)[39m
[2m[WebServer] [22m[90m    at MessagePort.<anonymous> (node:internal/main/worker_thread:192:26)[39m
[2m[WebServer] [22m[90m    at [nodejs.internal.kHybridDispatch] (node:internal/event_target:831:20)[39m
[2m[WebServer] [22m[90m    at MessagePort.<anonymous> (node:internal/per_context/messageport:23:28)[39m
[2m[WebServer] [22mEmitted 'error' event on Worker instance at:
[2m[WebServer] [22m[90m    at [kOnErrorMessage] (node:internal/worker:333:10)[39m
[2m[WebServer] [22m[90m    at [kOnMessage] (node:internal/worker:344:37)[39m
[2m[WebServer] [22m[90m    at MessagePort.<anonymous> (node:internal/worker:233:57)[39m
[2m[WebServer] [22m[90m    at [nodejs.internal.kHybridDispatch] (node:internal/event_target:831:20)[39m
[2m[WebServer] [22m[90m    at MessagePort.<anonymous> (node:internal/per_context/messageport:23:28)[39m
[2m[WebServer] [22m[90m    at MessagePort.callbackTrampoline (node:internal/async_hooks:130:17)[39m
[2m[WebServer] [22m[90m    at [kOnExit] (node:internal/worker:310:5)[39m
[2m[WebServer] [22m[90m    at Worker.<computed>.onexit (node:internal/worker:230:20)[39m
[2m[WebServer] [22m[90m    at Worker.callbackTrampoline (node:internal/async_hooks:130:17)[39m {
[2m[WebServer] [22m  code: [32m'MODULE_NOT_FOUND'[39m,
[2m[WebServer] [22m  requireStack: []
[2m[WebServer] [22m}
[2m[WebServer] [22m
[2m[WebServer] [22mNode.js v20.19.6

[1A[2K[2m[WebServer] [22m[next-auth][warn][DEBUG_ENABLED] 
[2m[WebServer] [22mhttps://next-auth.js.org/warnings#debug_enabled

[1A[2K[2m[WebServer] [22mError: Cannot find module '/home/monty/timbaos/.next/server/vendor-chunks/lib/worker.js'
[2m[WebServer] [22m[90m    at Module._resolveFilename (node:internal/modules/cjs/loader:1207:15)[39m
[2m[WebServer] [22m[90m    at Module._load (node:internal/modules/cjs/loader:1038:27)[39m
[2m[WebServer] [22m[90m    at Function.executeUserEntryPoint [as runMain] (node:internal/modules/run_main:164:12)[39m
[2m[WebServer] [22m[90m    at MessagePort.<anonymous> (node:internal/main/worker_thread:192:26)[39m
[2m[WebServer] [22m[90m    at [nodejs.internal.kHybridDispatch] (node:internal/event_target:831:20)[39m
[2m[WebServer] [22m[90m    at MessagePort.<anonymous> (node:internal/per_context/messageport:23:28)[39m {
[2m[WebServer] [22m  code: [32m'MODULE_NOT_FOUND'[39m,
[2m[WebServer] [22m  requireStack: []
[2m[WebServer] [22m}

[1A[2K[2m[WebServer] [22m [31m[1mâ¨¯[22m[39m uncaughtException: Error: Cannot find module '/home/monty/timbaos/.next/server/vendor-chunks/lib/worker.js'
[2m[WebServer] [22m[90m    at Module._resolveFilename (node:internal/modules/cjs/loader:1207:15)[39m
[2m[WebServer] [22m[90m    at Module._load (node:internal/modules/cjs/loader:1038:27)[39m
[2m[WebServer] [22m[90m    at Function.executeUserEntryPoint [as runMain] (node:internal/modules/run_main:164:12)[39m
[2m[WebServer] [22m[90m    at MessagePort.<anonymous> (node:internal/main/worker_thread:192:26)[39m
[2m[WebServer] [22m[90m    at [nodejs.internal.kHybridDispatch] (node:internal/event_target:831:20)[39m
[2m[WebServer] [22m[90m    at MessagePort.<anonymous> (node:internal/per_context/messageport:23:28)[39m {
[2m[WebServer] [22m  code: [32m'MODULE_NOT_FOUND'[39m,
[2m[WebServer] [22m  requireStack: []
[2m[WebServer] [22m}

[1A[2K[2m[WebServer] [22m [31m[1mâ¨¯[22m[39m uncaughtException: Error: Cannot find module '/home/monty/timbaos/.next/server/vendor-chunks/lib/worker.js'
[2m[WebServer] [22m[90m    at Module._resolveFilename (node:internal/modules/cjs/loader:1207:15)[39m
[2m[WebServer] [22m[90m    at Module._load (node:internal/modules/cjs/loader:1038:27)[39m
[2m[WebServer] [22m[90m    at Function.executeUserEntryPoint [as runMain] (node:internal/modules/run_main:164:12)[39m
[2m[WebServer] [22m[90m    at MessagePort.<anonymous> (node:internal/main/worker_thread:192:26)[39m
[2m[WebServer] [22m[90m    at [nodejs.internal.kHybridDispatch] (node:internal/event_target:831:20)[39m
[2m[WebServer] [22m[90m    at MessagePort.<anonymous> (node:internal/per_context/messageport:23:28)[39m {
[2m[WebServer] [22m  code: [32m'MODULE_NOT_FOUND'[39m,
[2m[WebServer] [22m  requireStack: []
[2m[WebServer] [22m}

[1A[2K[2m[WebServer] [22mError: the worker thread exited
[2m[WebServer] [22m    at Worker.onWorkerExit (webpack-internal:///(rsc)/./node_modules/[4mthread-stream[24m/index.js:201:32)
[2m[WebServer] [22m[90m    at Worker.emit (node:events:524:28)[39m
[2m[WebServer] [22m[90m    at [kOnExit] (node:internal/worker:322:10)[39m
[2m[WebServer] [22m[90m    at Worker.<computed>.onexit (node:internal/worker:230:20)[39m
[2m[WebServer] [22m[90m    at Worker.callbackTrampoline (node:internal/async_hooks:130:17)[39m

[1A[2K[2m[WebServer] [22m [31m[1mâ¨¯[22m[39m uncaughtException: Error: the worker thread exited
[2m[WebServer] [22m    at Worker.onWorkerExit (webpack-internal:///(rsc)/./node_modules/[4mthread-stream[24m/index.js:201:32)
[2m[WebServer] [22m[90m    at Worker.emit (node:events:524:28)[39m
[2m[WebServer] [22m[90m    at [kOnExit] (node:internal/worker:322:10)[39m
[2m[WebServer] [22m[90m    at Worker.<computed>.onexit (node:internal/worker:230:20)[39m
[2m[WebServer] [22m[90m    at Worker.callbackTrampoline (node:internal/async_hooks:130:17)[39m
[2m[WebServer] [22m [31m[1mâ¨¯[22m[39m uncaughtException: Error: the worker thread exited
[2m[WebServer] [22m    at Worker.onWorkerExit (webpack-internal:///(rsc)/./node_modules/[4mthread-stream[24m/index.js:201:32)
[2m[WebServer] [22m[90m    at Worker.emit (node:events:524:28)[39m
[2m[WebServer] [22m[90m    at [kOnExit] (node:internal/worker:322:10)[39m
[2m[WebServer] [22m[90m    at Worker.<computed>.onexit (node:internal/worker:230:20)[39m
[2m[WebServer] [22m[90m    at Worker.callbackTrampoline (node:internal/async_hooks:130:17)[39m

[1A[2K[chromium] â€º tests/e2e/quote.spec.ts:188:9 â€º Quote Validation â€º Quote Access Permissions
Sales quotes: 5, Admin quotes: 17

[1A[2KUnauth quote access status: 401

[1A[2K  1 failed
    [chromium] â€º tests/e2e/quote.spec.ts:77:9 â€º Quote Validation â€º Quote to Order Conversion â”€â”€â”€â”€â”€â”€â”€
  7 passed (2.4m)

[36m  Serving HTML report at http://localhost:9323. Press Ctrl+C to quit.[39m
